2026-01-16 22:38:12,953 - INFO - 正在检查Python环境...
2026-01-16 22:38:12,953 - INFO - 正在检查系统依赖...
2026-01-16 22:38:14,920 - WARNING - 发现缺失依赖: scikit-learn
2026-01-16 22:38:14,920 - INFO - 正在自动安装缺失依赖，这可能需要几分钟...
2026-01-16 22:38:17,832 - INFO - 依赖安装完成
2026-01-16 22:38:17,833 - INFO - 检查环境配置...
2026-01-16 22:38:17,833 - INFO - 配置环境加载正常
2026-01-16 22:38:17,833 - INFO - 正在启动应用程序...
2026-01-16 22:38:17,833 - INFO - 执行命令: C:\Users\ASUS\AppData\Local\Microsoft\WindowsApps\PythonSoftwareFoundation.Python.3.13_qbz5n2kfra8p0\python.exe -m streamlit run app.py --server.port 8501
2026-01-16 22:38:19,404 - ERROR - 程序运行出错: Command '['C:\\Users\\ASUS\\AppData\\Local\\Microsoft\\WindowsApps\\PythonSoftwareFoundation.Python.3.13_qbz5n2kfra8p0\\python.exe', '-m', 'streamlit', 'run', 'app.py', '--server.port', '8501']' returned non-zero exit status 1.
2026-01-16 22:50:29,972 - INFO - 正在检查Python环境...
2026-01-16 22:50:29,972 - INFO - 正在检查系统依赖...
2026-01-16 22:50:32,037 - WARNING - 发现缺失依赖: scikit-learn
2026-01-16 22:50:32,037 - INFO - 正在自动安装缺失依赖，这可能需要几分钟...
2026-01-16 22:50:35,206 - INFO - 依赖安装完成
2026-01-16 22:50:35,206 - INFO - 检查环境配置...
2026-01-16 22:50:35,206 - INFO - 配置环境加载正常
2026-01-16 22:50:35,207 - INFO - 正在启动应用程序...
2026-01-16 22:50:35,207 - INFO - 执行命令: C:\Users\ASUS\AppData\Local\Microsoft\WindowsApps\PythonSoftwareFoundation.Python.3.13_qbz5n2kfra8p0\python.exe -m streamlit run app.py --server.port 8501
2026-01-16 22:50:36,953 - ERROR - 程序运行出错: Command '['C:\\Users\\ASUS\\AppData\\Local\\Microsoft\\WindowsApps\\PythonSoftwareFoundation.Python.3.13_qbz5n2kfra8p0\\python.exe', '-m', 'streamlit', 'run', 'app.py', '--server.port', '8501']' returned non-zero exit status 1.
2026-01-16 22:54:13,706 - INFO - 正在检查Python环境...
2026-01-16 22:54:13,706 - INFO - 正在检查系统依赖...
2026-01-16 22:54:15,170 - WARNING - 发现缺失依赖: scikit-learn
2026-01-16 22:54:15,170 - INFO - 正在自动安装缺失依赖，这可能需要几分钟...
2026-01-16 22:54:17,783 - INFO - 依赖安装完成
2026-01-16 22:54:17,783 - INFO - 检查环境配置...
2026-01-16 22:54:17,783 - INFO - 配置环境加载正常
2026-01-16 22:54:17,783 - INFO - 正在启动应用程序...
2026-01-16 22:54:19,800 - WARNING - 端口 8501 被占用，自动切换到端口 8502
2026-01-16 22:54:19,801 - INFO - 执行命令: C:\Users\ASUS\AppData\Local\Microsoft\WindowsApps\PythonSoftwareFoundation.Python.3.13_qbz5n2kfra8p0\python.exe -m streamlit run app.py --server.port 8502
